<?xml version="1.0" encoding="UTF-8"?>
<!-- Generated by org.testng.reporters.JUnitXMLReporter -->
<testsuite hostname="LAPTOP-JIBR9C35" ignored="5" name="test1" tests="7" failures="0" timestamp="29 Dec 2021 10:45:22 GMT" time="0.21" errors="0">
  <testcase name="test" time="0.025" classname="TestPackage.TestNgAnnotation"/>
  <testcase name="mayur" time="0.003" classname="TestPackage_part2.TestNgDemo"/>
  <testcase name="test2" time="0.002" classname="TestPackage.TestNgAnnotation"/>
  <testcase name="vinayak" time="0.002" classname="TestPackage_part2.TestNgDemo"/>
  <testcase name="test3" time="0.004" classname="TestPackage.TestNgAnnotation"/>
  <testcase name="khakre" time="0.007" classname="TestPackage_part2.TestNgDemo"/>
  <testcase name="khakre" time="0.003" classname="TestPackage_part2.TestNgDemo"/>
  <testcase name="test5" time="0.0" classname="TestPackage.TestNgAnnotation">
    <ignored/>
  </testcase> <!-- test5 -->
  <testcase name="test5" time="0.0" classname="TestPackage_part2.TestNgDemo">
    <ignored/>
  </testcase> <!-- test5 -->
  <testcase name="test4" time="0.0" classname="TestPackage_part2.TestNgDemo">
    <ignored/>
  </testcase> <!-- test4 -->
  <testcase name="testOfAshish" time="0.0" classname="TestPackage.TestNgAnnotation">
    <ignored/>
  </testcase> <!-- testOfAshish -->
  <testcase name="test4" time="0.0" classname="TestPackage.TestNgAnnotation">
    <ignored/>
  </testcase> <!-- test4 -->
</testsuite> <!-- test1 -->
